{"level":"info","message":"Parameters 10 and 10 received for addition","service":"calculate-service"}
{"level":"info","message":"Parameters 10 and 10 received for addition","service":"calculate-service"}
{"level":"info","message":"Parameters 10 and 10 received for addition","service":"calculate-service"}
{"level":"info","message":"Parameters 10 and 100 received for addition","service":"calculate-service"}
{"level":"info","message":"Parameters 10 and 100 received for addition","service":"calculate-service"}
{"level":"info","message":"Parameters 10 and 100 received for addition","service":"calculate-service"}
{"level":"info","message":"Parameters 10 and 100 received for addition","service":"calculate-service"}
{"level":"info","message":"Parameters 10 and 100 received for addition","service":"calculate-service"}
{"level":"info","message":"Parameters 10 and 100 received for addition","service":"calculate-service"}
{"level":"info","message":"Parameters 10 and 100 received for addition","service":"calculate-service"}
{"level":"info","message":"Parameters 10 and 100 received for addition","service":"calculate-service"}
{"level":"info","message":"Parameters 10 and 0 received for addition","service":"calculate-service"}
{"level":"info","message":"Parameters 10 and 0 received for addition","service":"calculate-service"}
{"level":"error","message":"n2 is incorrectly defined","service":"calculate-service"}
{"level":"error","message":"n2 can't be zero","service":"calculate-service"}
{"level":"error","message":"n2 can't be zero","service":"calculate-service"}
{"level":"error","message":"n2 can't be zero","service":"calculate-service"}
{"level":"error","message":"n2 can't be zero","service":"calculate-service"}{"level":"info","message":"Parameters 2 and 8 received","service":"calculate-service"}
{"level":"info","message":"Parameters 10 and 2 received","service":"calculate-service"}
{"level":"info","message":"Parameters 10 and 3 received","service":"calculate-service"}
{"level":"info","message":"Parameters 9 and 3 received","service":"calculate-service"}
{"level":"error","message":"Invalid input","service":"calculate-service"}
{"level":"error","service":"calculate-service"}
{"level":"info","message":"Parameter 9 received for square root","service":"calculate-service"}
